{"/Users/smmuzahidulislam/muzahid_mac/programming/assignment/backend/index.js": {"path":"/Users/smmuzahidulislam/muzahid_mac/programming/assignment/backend/index.js","statementMap":{"0":{"start":{"line":1,"column":0},"end":{"line":1,"column":27}},"1":{"start":{"line":2,"column":16},"end":{"line":2,"column":34}},"2":{"start":{"line":3,"column":12},"end":{"line":3,"column":21}},"3":{"start":{"line":4,"column":15},"end":{"line":4,"column":32}},"4":{"start":{"line":5,"column":37},"end":{"line":5,"column":57}},"5":{"start":{"line":7,"column":13},"end":{"line":7,"column":30}},"6":{"start":{"line":8,"column":18},"end":{"line":8,"column":47}},"7":{"start":{"line":10,"column":13},"end":{"line":10,"column":28}},"8":{"start":{"line":13,"column":0},"end":{"line":13,"column":16}},"9":{"start":{"line":15,"column":13},"end":{"line":15,"column":37}},"10":{"start":{"line":16,"column":17},"end":{"line":16,"column":54}},"11":{"start":{"line":18,"column":24},"end":{"line":18,"column":51}},"12":{"start":{"line":19,"column":0},"end":{"line":19,"column":57}},"13":{"start":{"line":20,"column":0},"end":{"line":20,"column":72}},"14":{"start":{"line":23,"column":0},"end":{"line":23,"column":24}},"15":{"start":{"line":26,"column":0},"end":{"line":26,"column":59}},"16":{"start":{"line":28,"column":0},"end":{"line":31,"column":3}},"17":{"start":{"line":29,"column":2},"end":{"line":29,"column":86}},"18":{"start":{"line":30,"column":2},"end":{"line":30,"column":78}},"19":{"start":{"line":33,"column":0},"end":{"line":33,"column":21}}},"fnMap":{"0":{"name":"(anonymous_0)","decl":{"start":{"line":28,"column":17},"end":{"line":28,"column":18}},"loc":{"start":{"line":28,"column":23},"end":{"line":31,"column":1}},"line":28}},"branchMap":{"0":{"loc":{"start":{"line":15,"column":13},"end":{"line":15,"column":37}},"type":"binary-expr","locations":[{"start":{"line":15,"column":13},"end":{"line":15,"column":29}},{"start":{"line":15,"column":33},"end":{"line":15,"column":37}}],"line":15},"1":{"loc":{"start":{"line":16,"column":17},"end":{"line":16,"column":54}},"type":"binary-expr","locations":[{"start":{"line":16,"column":17},"end":{"line":16,"column":37}},{"start":{"line":16,"column":41},"end":{"line":16,"column":54}}],"line":16}},"s":{"0":1,"1":1,"2":1,"3":1,"4":1,"5":1,"6":1,"7":1,"8":1,"9":1,"10":1,"11":1,"12":1,"13":1,"14":1,"15":1,"16":1,"17":1,"18":1,"19":1},"f":{"0":1},"b":{"0":[1,0],"1":[1,0]},"_coverageSchema":"1a1c01bbd47fc00a2c39e90264f33305004495a9","hash":"bd554b0a686e8a38554edf139994448d09ce14dd"}
,"/Users/smmuzahidulislam/muzahid_mac/programming/assignment/backend/config/knexfile.js": {"path":"/Users/smmuzahidulislam/muzahid_mac/programming/assignment/backend/config/knexfile.js","statementMap":{"0":{"start":{"line":1,"column":0},"end":{"line":7,"column":2}}},"fnMap":{},"branchMap":{},"s":{"0":1},"f":{},"b":{},"_coverageSchema":"1a1c01bbd47fc00a2c39e90264f33305004495a9","hash":"fc58006bb8cc1d269d1a479b65bdbaea1ef51f1f"}
,"/Users/smmuzahidulislam/muzahid_mac/programming/assignment/backend/config/sqliteConfig.js": {"path":"/Users/smmuzahidulislam/muzahid_mac/programming/assignment/backend/config/sqliteConfig.js","statementMap":{"0":{"start":{"line":1,"column":16},"end":{"line":1,"column":44}},"1":{"start":{"line":2,"column":13},"end":{"line":2,"column":28}},"2":{"start":{"line":3,"column":15},"end":{"line":3,"column":36}},"3":{"start":{"line":4,"column":11},"end":{"line":4,"column":23}},"4":{"start":{"line":6,"column":0},"end":{"line":12,"column":3}},"5":{"start":{"line":7,"column":2},"end":{"line":11,"column":3}},"6":{"start":{"line":8,"column":4},"end":{"line":8,"column":58}},"7":{"start":{"line":10,"column":4},"end":{"line":10,"column":83}},"8":{"start":{"line":14,"column":0},"end":{"line":14,"column":20}}},"fnMap":{"0":{"name":"(anonymous_0)","decl":{"start":{"line":6,"column":49},"end":{"line":6,"column":50}},"loc":{"start":{"line":6,"column":58},"end":{"line":12,"column":1}},"line":6}},"branchMap":{"0":{"loc":{"start":{"line":7,"column":2},"end":{"line":11,"column":3}},"type":"if","locations":[{"start":{"line":7,"column":2},"end":{"line":11,"column":3}},{"start":{"line":9,"column":9},"end":{"line":11,"column":3}}],"line":7}},"s":{"0":1,"1":1,"2":1,"3":1,"4":1,"5":1,"6":0,"7":1,"8":1},"f":{"0":1},"b":{"0":[0,1]},"_coverageSchema":"1a1c01bbd47fc00a2c39e90264f33305004495a9","hash":"c6c05ae80401700e13b4fdaace146fb36c3dc8df"}
,"/Users/smmuzahidulislam/muzahid_mac/programming/assignment/backend/controllers/certificatesController.js": {"path":"/Users/smmuzahidulislam/muzahid_mac/programming/assignment/backend/controllers/certificatesController.js","statementMap":{"0":{"start":{"line":1,"column":16},"end":{"line":1,"column":44}},"1":{"start":{"line":2,"column":24},"end":{"line":2,"column":53}},"2":{"start":{"line":3,"column":21},"end":{"line":3,"column":59}},"3":{"start":{"line":5,"column":0},"end":{"line":12,"column":2}},"4":{"start":{"line":6,"column":2},"end":{"line":11,"column":3}},"5":{"start":{"line":7,"column":19},"end":{"line":7,"column":67}},"6":{"start":{"line":8,"column":4},"end":{"line":8,"column":33}},"7":{"start":{"line":10,"column":4},"end":{"line":10,"column":62}},"8":{"start":{"line":14,"column":0},"end":{"line":22,"column":2}},"9":{"start":{"line":15,"column":2},"end":{"line":21,"column":3}},"10":{"start":{"line":16,"column":19},"end":{"line":16,"column":29}},"11":{"start":{"line":17,"column":19},"end":{"line":17,"column":63}},"12":{"start":{"line":18,"column":4},"end":{"line":18,"column":33}},"13":{"start":{"line":20,"column":4},"end":{"line":20,"column":62}},"14":{"start":{"line":24,"column":0},"end":{"line":35,"column":1}},"15":{"start":{"line":25,"column":2},"end":{"line":34,"column":3}},"16":{"start":{"line":26,"column":78},"end":{"line":26,"column":86}},"17":{"start":{"line":27,"column":4},"end":{"line":29,"column":5}},"18":{"start":{"line":28,"column":6},"end":{"line":28,"column":83}},"19":{"start":{"line":30,"column":19},"end":{"line":30,"column":65}},"20":{"start":{"line":31,"column":4},"end":{"line":31,"column":33}},"21":{"start":{"line":33,"column":4},"end":{"line":33,"column":62}},"22":{"start":{"line":37,"column":0},"end":{"line":55,"column":2}},"23":{"start":{"line":38,"column":17},"end":{"line":38,"column":27}},"24":{"start":{"line":39,"column":2},"end":{"line":42,"column":3}},"25":{"start":{"line":40,"column":4},"end":{"line":40,"column":82}},"26":{"start":{"line":41,"column":4},"end":{"line":41,"column":11}},"27":{"start":{"line":44,"column":2},"end":{"line":47,"column":3}},"28":{"start":{"line":45,"column":4},"end":{"line":45,"column":68}},"29":{"start":{"line":46,"column":4},"end":{"line":46,"column":11}},"30":{"start":{"line":49,"column":2},"end":{"line":54,"column":3}},"31":{"start":{"line":50,"column":19},"end":{"line":50,"column":59}},"32":{"start":{"line":51,"column":4},"end":{"line":51,"column":33}},"33":{"start":{"line":53,"column":4},"end":{"line":53,"column":62}}},"fnMap":{"0":{"name":"(anonymous_0)","decl":{"start":{"line":5,"column":32},"end":{"line":5,"column":33}},"loc":{"start":{"line":5,"column":51},"end":{"line":12,"column":1}},"line":5},"1":{"name":"(anonymous_1)","decl":{"start":{"line":14,"column":32},"end":{"line":14,"column":33}},"loc":{"start":{"line":14,"column":51},"end":{"line":22,"column":1}},"line":14},"2":{"name":"(anonymous_2)","decl":{"start":{"line":24,"column":28},"end":{"line":24,"column":29}},"loc":{"start":{"line":24,"column":48},"end":{"line":35,"column":1}},"line":24},"3":{"name":"(anonymous_3)","decl":{"start":{"line":37,"column":28},"end":{"line":37,"column":29}},"loc":{"start":{"line":37,"column":48},"end":{"line":55,"column":1}},"line":37}},"branchMap":{"0":{"loc":{"start":{"line":27,"column":4},"end":{"line":29,"column":5}},"type":"if","locations":[{"start":{"line":27,"column":4},"end":{"line":29,"column":5}},{"start":{},"end":{}}],"line":27},"1":{"loc":{"start":{"line":27,"column":8},"end":{"line":27,"column":85}},"type":"binary-expr","locations":[{"start":{"line":27,"column":8},"end":{"line":27,"column":13}},{"start":{"line":27,"column":17},"end":{"line":27,"column":26}},{"start":{"line":27,"column":30},"end":{"line":27,"column":37}},{"start":{"line":27,"column":41},"end":{"line":27,"column":51}},{"start":{"line":27,"column":55},"end":{"line":27,"column":65}},{"start":{"line":27,"column":69},"end":{"line":27,"column":85}}],"line":27},"2":{"loc":{"start":{"line":39,"column":2},"end":{"line":42,"column":3}},"type":"if","locations":[{"start":{"line":39,"column":2},"end":{"line":42,"column":3}},{"start":{},"end":{}}],"line":39},"3":{"loc":{"start":{"line":39,"column":6},"end":{"line":39,"column":37}},"type":"binary-expr","locations":[{"start":{"line":39,"column":6},"end":{"line":39,"column":17}},{"start":{"line":39,"column":21},"end":{"line":39,"column":37}}],"line":39},"4":{"loc":{"start":{"line":44,"column":2},"end":{"line":47,"column":3}},"type":"if","locations":[{"start":{"line":44,"column":2},"end":{"line":47,"column":3}},{"start":{},"end":{}}],"line":44}},"s":{"0":1,"1":1,"2":1,"3":1,"4":1,"5":1,"6":1,"7":0,"8":1,"9":1,"10":1,"11":1,"12":1,"13":0,"14":1,"15":1,"16":1,"17":1,"18":0,"19":1,"20":1,"21":0,"22":1,"23":1,"24":1,"25":0,"26":0,"27":1,"28":0,"29":0,"30":1,"31":1,"32":1,"33":0},"f":{"0":1,"1":1,"2":1,"3":1},"b":{"0":[0,1],"1":[1,1,1,1,1,1],"2":[0,1],"3":[1,1],"4":[0,1]},"_coverageSchema":"1a1c01bbd47fc00a2c39e90264f33305004495a9","hash":"a4c701fe20a8a099290be0712cfe545b39e747ce"}
,"/Users/smmuzahidulislam/muzahid_mac/programming/assignment/backend/controllers/helperController.js": {"path":"/Users/smmuzahidulislam/muzahid_mac/programming/assignment/backend/controllers/helperController.js","statementMap":{"0":{"start":{"line":3,"column":0},"end":{"line":10,"column":2}},"1":{"start":{"line":4,"column":13},"end":{"line":8,"column":3}},"2":{"start":{"line":9,"column":2},"end":{"line":9,"column":14}}},"fnMap":{"0":{"name":"(anonymous_0)","decl":{"start":{"line":3,"column":24},"end":{"line":3,"column":25}},"loc":{"start":{"line":3,"column":63},"end":{"line":10,"column":1}},"line":3}},"branchMap":{"0":{"loc":{"start":{"line":3,"column":52},"end":{"line":3,"column":61}},"type":"default-arg","locations":[{"start":{"line":3,"column":59},"end":{"line":3,"column":61}}],"line":3}},"s":{"0":1,"1":4,"2":4},"f":{"0":4},"b":{"0":[2]},"_coverageSchema":"1a1c01bbd47fc00a2c39e90264f33305004495a9","hash":"6130e96f296d3bdfddf729a93404995c84e56c02"}
,"/Users/smmuzahidulislam/muzahid_mac/programming/assignment/backend/log/log.js": {"path":"/Users/smmuzahidulislam/muzahid_mac/programming/assignment/backend/log/log.js","statementMap":{"0":{"start":{"line":1,"column":16},"end":{"line":1,"column":34}},"1":{"start":{"line":9,"column":23},"end":{"line":19,"column":2}},"2":{"start":{"line":21,"column":17},"end":{"line":31,"column":2}},"3":{"start":{"line":33,"column":0},"end":{"line":33,"column":46}}},"fnMap":{},"branchMap":{},"s":{"0":1,"1":1,"2":1,"3":1},"f":{},"b":{},"_coverageSchema":"1a1c01bbd47fc00a2c39e90264f33305004495a9","hash":"8af1a7d656aa6fd893fa7cc9d25e29ac317db5da"}
,"/Users/smmuzahidulislam/muzahid_mac/programming/assignment/backend/models/certificatesModel.js": {"path":"/Users/smmuzahidulislam/muzahid_mac/programming/assignment/backend/models/certificatesModel.js","statementMap":{"0":{"start":{"line":1,"column":16},"end":{"line":1,"column":34}},"1":{"start":{"line":2,"column":13},"end":{"line":2,"column":46}},"2":{"start":{"line":3,"column":25},"end":{"line":3,"column":67}},"3":{"start":{"line":4,"column":57},"end":{"line":4,"column":85}},"4":{"start":{"line":6,"column":19},"end":{"line":6,"column":32}},"5":{"start":{"line":8,"column":0},"end":{"line":22,"column":1}},"6":{"start":{"line":9,"column":4},"end":{"line":21,"column":7}},"7":{"start":{"line":10,"column":8},"end":{"line":20,"column":9}},"8":{"start":{"line":11,"column":25},"end":{"line":11,"column":161}},"9":{"start":{"line":12,"column":12},"end":{"line":16,"column":13}},"10":{"start":{"line":13,"column":16},"end":{"line":13,"column":92}},"11":{"start":{"line":15,"column":16},"end":{"line":15,"column":62}},"12":{"start":{"line":18,"column":12},"end":{"line":18,"column":41}},"13":{"start":{"line":19,"column":12},"end":{"line":19,"column":56}},"14":{"start":{"line":24,"column":0},"end":{"line":38,"column":1}},"15":{"start":{"line":25,"column":4},"end":{"line":37,"column":7}},"16":{"start":{"line":26,"column":8},"end":{"line":36,"column":9}},"17":{"start":{"line":27,"column":25},"end":{"line":27,"column":155}},"18":{"start":{"line":28,"column":12},"end":{"line":32,"column":13}},"19":{"start":{"line":29,"column":16},"end":{"line":29,"column":95}},"20":{"start":{"line":31,"column":16},"end":{"line":31,"column":62}},"21":{"start":{"line":34,"column":12},"end":{"line":34,"column":41}},"22":{"start":{"line":35,"column":12},"end":{"line":35,"column":56}},"23":{"start":{"line":40,"column":0},"end":{"line":63,"column":1}},"24":{"start":{"line":42,"column":4},"end":{"line":62,"column":6}},"25":{"start":{"line":43,"column":8},"end":{"line":61,"column":9}},"26":{"start":{"line":44,"column":27},"end":{"line":52,"column":18}},"27":{"start":{"line":53,"column":12},"end":{"line":57,"column":13}},"28":{"start":{"line":54,"column":16},"end":{"line":54,"column":90}},"29":{"start":{"line":56,"column":16},"end":{"line":56,"column":76}},"30":{"start":{"line":59,"column":12},"end":{"line":59,"column":41}},"31":{"start":{"line":60,"column":12},"end":{"line":60,"column":56}},"32":{"start":{"line":65,"column":0},"end":{"line":82,"column":1}},"33":{"start":{"line":66,"column":4},"end":{"line":81,"column":7}},"34":{"start":{"line":67,"column":8},"end":{"line":80,"column":9}},"35":{"start":{"line":68,"column":12},"end":{"line":70,"column":13}},"36":{"start":{"line":69,"column":16},"end":{"line":69,"column":71}},"37":{"start":{"line":71,"column":38},"end":{"line":71,"column":89}},"38":{"start":{"line":72,"column":12},"end":{"line":76,"column":13}},"39":{"start":{"line":73,"column":16},"end":{"line":73,"column":85}},"40":{"start":{"line":75,"column":16},"end":{"line":75,"column":62}},"41":{"start":{"line":78,"column":12},"end":{"line":78,"column":41}},"42":{"start":{"line":79,"column":12},"end":{"line":79,"column":56}},"43":{"start":{"line":84,"column":0},"end":{"line":84,"column":30}}},"fnMap":{"0":{"name":"(anonymous_0)","decl":{"start":{"line":6,"column":19},"end":{"line":6,"column":20}},"loc":{"start":{"line":6,"column":30},"end":{"line":6,"column":32}},"line":6},"1":{"name":"(anonymous_1)","decl":{"start":{"line":8,"column":35},"end":{"line":8,"column":36}},"loc":{"start":{"line":8,"column":49},"end":{"line":22,"column":1}},"line":8},"2":{"name":"(anonymous_2)","decl":{"start":{"line":9,"column":23},"end":{"line":9,"column":24}},"loc":{"start":{"line":9,"column":50},"end":{"line":21,"column":5}},"line":9},"3":{"name":"(anonymous_3)","decl":{"start":{"line":24,"column":37},"end":{"line":24,"column":38}},"loc":{"start":{"line":24,"column":50},"end":{"line":38,"column":1}},"line":24},"4":{"name":"(anonymous_4)","decl":{"start":{"line":25,"column":23},"end":{"line":25,"column":24}},"loc":{"start":{"line":25,"column":50},"end":{"line":37,"column":5}},"line":25},"5":{"name":"(anonymous_5)","decl":{"start":{"line":40,"column":33},"end":{"line":40,"column":34}},"loc":{"start":{"line":40,"column":47},"end":{"line":63,"column":1}},"line":40},"6":{"name":"(anonymous_6)","decl":{"start":{"line":42,"column":23},"end":{"line":42,"column":24}},"loc":{"start":{"line":42,"column":50},"end":{"line":62,"column":5}},"line":42},"7":{"name":"(anonymous_7)","decl":{"start":{"line":65,"column":33},"end":{"line":65,"column":34}},"loc":{"start":{"line":65,"column":46},"end":{"line":82,"column":1}},"line":65},"8":{"name":"(anonymous_8)","decl":{"start":{"line":66,"column":23},"end":{"line":66,"column":24}},"loc":{"start":{"line":66,"column":50},"end":{"line":81,"column":5}},"line":66}},"branchMap":{"0":{"loc":{"start":{"line":12,"column":12},"end":{"line":16,"column":13}},"type":"if","locations":[{"start":{"line":12,"column":12},"end":{"line":16,"column":13}},{"start":{"line":14,"column":19},"end":{"line":16,"column":13}}],"line":12},"1":{"loc":{"start":{"line":28,"column":12},"end":{"line":32,"column":13}},"type":"if","locations":[{"start":{"line":28,"column":12},"end":{"line":32,"column":13}},{"start":{"line":30,"column":19},"end":{"line":32,"column":13}}],"line":28},"2":{"loc":{"start":{"line":53,"column":12},"end":{"line":57,"column":13}},"type":"if","locations":[{"start":{"line":53,"column":12},"end":{"line":57,"column":13}},{"start":{"line":55,"column":19},"end":{"line":57,"column":13}}],"line":53},"3":{"loc":{"start":{"line":68,"column":12},"end":{"line":70,"column":13}},"type":"if","locations":[{"start":{"line":68,"column":12},"end":{"line":70,"column":13}},{"start":{},"end":{}}],"line":68},"4":{"loc":{"start":{"line":72,"column":12},"end":{"line":76,"column":13}},"type":"if","locations":[{"start":{"line":72,"column":12},"end":{"line":76,"column":13}},{"start":{"line":74,"column":19},"end":{"line":76,"column":13}}],"line":72}},"s":{"0":1,"1":1,"2":1,"3":1,"4":1,"5":1,"6":1,"7":1,"8":1,"9":1,"10":1,"11":0,"12":0,"13":0,"14":1,"15":1,"16":1,"17":1,"18":1,"19":0,"20":1,"21":0,"22":0,"23":1,"24":1,"25":1,"26":1,"27":1,"28":1,"29":0,"30":0,"31":0,"32":1,"33":1,"34":1,"35":1,"36":0,"37":1,"38":1,"39":0,"40":1,"41":0,"42":0,"43":1},"f":{"0":0,"1":1,"2":1,"3":1,"4":1,"5":1,"6":1,"7":1,"8":1},"b":{"0":[1,0],"1":[0,1],"2":[1,0],"3":[0,1],"4":[0,1]},"_coverageSchema":"1a1c01bbd47fc00a2c39e90264f33305004495a9","hash":"4123d407251e270c60e2496e062fb4ae35e9fda4"}
,"/Users/smmuzahidulislam/muzahid_mac/programming/assignment/backend/routes/certificates.js": {"path":"/Users/smmuzahidulislam/muzahid_mac/programming/assignment/backend/routes/certificates.js","statementMap":{"0":{"start":{"line":1,"column":16},"end":{"line":1,"column":34}},"1":{"start":{"line":2,"column":15},"end":{"line":2,"column":31}},"2":{"start":{"line":3,"column":95},"end":{"line":3,"column":143}},"3":{"start":{"line":5,"column":0},"end":{"line":5,"column":43}},"4":{"start":{"line":6,"column":0},"end":{"line":6,"column":50}},"5":{"start":{"line":7,"column":0},"end":{"line":7,"column":43}},"6":{"start":{"line":8,"column":0},"end":{"line":8,"column":48}},"7":{"start":{"line":10,"column":0},"end":{"line":10,"column":24}}},"fnMap":{},"branchMap":{},"s":{"0":1,"1":1,"2":1,"3":1,"4":1,"5":1,"6":1,"7":1},"f":{},"b":{},"_coverageSchema":"1a1c01bbd47fc00a2c39e90264f33305004495a9","hash":"e75cf674be3a4e4e9b527f351090cd09d1a67deb"}
}
